d:\railbot_app\imageprocutils\x64\debug\vc120.pdb
d:\railbot_app\imageprocutils\x64\debug\vc120.idb
d:\railbot_app\imageprocutils\x64\debug\basicdetectionreader.obj
d:\railbot_app\imageprocutils\x64\debug\detectioninfo.obj
d:\railbot_app\imageprocutils\x64\debug\detectionmanager.obj
d:\railbot_app\lib\imageprocutils.lib
d:\railbot_app\lib\imageprocutils.exp
d:\railbot_app\output\debug\imageprocutils.ilk
d:\railbot_app\output\debug\imageprocutils.dll
d:\railbot_app\output\debug\imageprocutils.pdb
d:\railbot_app\\output\debug\imageprocutils.pdb
d:\railbot_app\\output\debug\imageprocutils.dll
d:\railbot_app\\output\debug\imageprocutils.ilk
d:\railbot_app\imageprocutils\x64\debug\imageprocutils.tlog\cl.command.1.tlog
d:\railbot_app\imageprocutils\x64\debug\imageprocutils.tlog\cl.read.1.tlog
d:\railbot_app\imageprocutils\x64\debug\imageprocutils.tlog\cl.write.1.tlog
d:\railbot_app\imageprocutils\x64\debug\imageprocutils.tlog\imageprocutils.write.1u.tlog
d:\railbot_app\imageprocutils\x64\debug\imageprocutils.tlog\link.command.1.tlog
d:\railbot_app\imageprocutils\x64\debug\imageprocutils.tlog\link.read.1.tlog
d:\railbot_app\imageprocutils\x64\debug\imageprocutils.tlog\link.write.1.tlog
