빌드 시작: 4/7/2021 9:19:56 AM
     1>2 노드의 "D:\Railbot_App\ImageProcUtils\ImageProcUtils.vcxproj" 프로젝트(Build 대상)입니다.
     1>ClCompile:
         C:\Program Files (x86)\Microsoft Visual Studio 12.0\VC\bin\x86_amd64\CL.exe /c /I..\Lib\opencv3\build\include /I..\Lib\opencv3\build\include\opencv /I..\Lib\opencv3\build\include\opencv2 /Zi /nologo /W3 /WX- /sdl /Od /D WIN32 /D _DEBUG /D _CONSOLE /D _LIB /D _CRT_SECURE_NO_WARNINGS /D _WINDLL /D _UNICODE /D UNICODE /Gm /EHsc /RTC1 /MDd /GS /fp:precise /Zc:wchar_t /Zc:forScope /Fo"x64\Debug\\" /Fd"x64\Debug\vc120.pdb" /Gd /TP /errorReport:prompt BasicDetectionReader.cpp
         BasicDetectionReader.cpp
     1>D:\Railbot_App\Lib\opencv3\build\include\opencv2/core/mat.hpp(1965): warning C4819: 현재 코드 페이지(949)에서 표시할 수 없는 문자가 파일에 들어 있습니다. 데이터가 손실되지 않게 하려면 해당 파일을 유니코드 형식으로 저장하십시오.
     1>D:\Railbot_App\Lib\opencv3\build\include\opencv2/core/persistence.hpp : warning C4819: 현재 코드 페이지(949)에서 표시할 수 없는 문자가 파일에 들어 있습니다. 데이터가 손실되지 않게 하려면 해당 파일을 유니코드 형식으로 저장하십시오.
     1>D:\Railbot_App\Lib\opencv3\build\include\opencv2/core/utility.hpp : warning C4819: 현재 코드 페이지(949)에서 표시할 수 없는 문자가 파일에 들어 있습니다. 데이터가 손실되지 않게 하려면 해당 파일을 유니코드 형식으로 저장하십시오.
     1>d:\railbot_app\imageprocutils\ImageProcUtils.h(150): warning C4251: 'image_proc_utils::ImgData::buffer' : class 'std::vector<char,std::allocator<char>>'에서는 class 'image_proc_utils::ImgData'의 클라이언트에서 DLL 인터페이스를 사용하도록 지정해야 합니다.
     1>d:\railbot_app\imageprocutils\DetectionInfo.h(21): warning C4251: 'image_proc_utils::DetectionInfo::classes' : class 'std::basic_string<char,std::char_traits<char>,std::allocator<char>>'에서는 class 'image_proc_utils::DetectionInfo'의 클라이언트에서 DLL 인터페이스를 사용하도록 지정해야 합니다.
     1>d:\railbot_app\imageprocutils\DetectionInfo.h(127): warning C4101: 'str' :참조되지 않은 지역 변수입니다.
     1>d:\railbot_app\imageprocutils\DetectionManager.h(26): warning C4251: 'image_proc_utils::DetectionManager::infoList' : class 'std::vector<image_proc_utils::DetectionInfo,std::allocator<_Ty>>'에서는 class 'image_proc_utils::DetectionManager'의 클라이언트에서 DLL 인터페이스를 사용하도록 지정해야 합니다.
                 with
                 [
                     _Ty=image_proc_utils::DetectionInfo
                 ]
     1>BasicDetectionReader.cpp(75): warning C4101: 'temp' :참조되지 않은 지역 변수입니다.
       Link:
         C:\Program Files (x86)\Microsoft Visual Studio 12.0\VC\bin\x86_amd64\link.exe /ERRORREPORT:PROMPT /OUT:"D:\Railbot_App\\Output\Debug\ImageProcUtils.dll" /INCREMENTAL /NOLOGO /LIBPATH:..\Lib\opencv3\build\x64\vc12\lib opencv_world310d.lib kernel32.lib user32.lib gdi32.lib winspool.lib comdlg32.lib advapi32.lib shell32.lib ole32.lib oleaut32.lib uuid.lib odbc32.lib odbccp32.lib /MANIFEST /MANIFESTUAC:"level='asInvoker' uiAccess='false'" /manifest:embed /DEBUG /PDB:"D:\Railbot_App\\Output\Debug\ImageProcUtils.pdb" /SUBSYSTEM:CONSOLE /TLBID:1 /DYNAMICBASE /NXCOMPAT /IMPLIB:"..\Lib\ImageProcUtils.lib" /MACHINE:X64 /DLL x64\Debug\BasicDetectionReader.obj
         x64\Debug\DelayChecker.obj
         x64\Debug\DetectionInfo.obj
         x64\Debug\DetectionManager.obj
         x64\Debug\FakeSource.obj
         x64\Debug\FrameQueue.obj
         x64\Debug\ImageProcUtils.obj
         x64\Debug\ImageSource.obj
         x64\Debug\ShmSource.obj
            ..\Lib\ImageProcUtils.lib 
         ImageProcUtils.vcxproj -> D:\Railbot_App\\Output\Debug\ImageProcUtils.dll
     1>"D:\Railbot_App\ImageProcUtils\ImageProcUtils.vcxproj" 프로젝트를 빌드했습니다(Build 대상).

빌드했습니다.

경과 시간: 00:00:01.28
